<?xml version="1.0" encoding="UTF-8" ?>
<testsuite tests="3" failures="2" name="TestSuite" time="0.563" errors="0" skipped="0">
  <properties>
[...]
</properties>
  <testcase classname="TestDemo" name="testCase1" time="0.008">
    <failure message="expected [true] but found [false]" type="java.lang.AssertionError">java.lang.AssertionError: expected [true] but found [false]
	at org.testng.Assert.fail(Assert.java:94)
	at org.testng.Assert.failNotEquals(Assert.java:494)
	at org.testng.Assert.assertTrue(Assert.java:42)
	at org.testng.Assert.assertTrue(Assert.java:52)
	at TestDemo.testCase1(TestDemo.java:8)
</failure>
  </testcase>
  <testcase classname="TestDemo" name="testCase2" time="0">
    <failure message="expected [true] but found [false]" type="java.lang.AssertionError">java.lang.AssertionError: expected [true] but found [false]
	at org.testng.Assert.fail(Assert.java:94)
	at org.testng.Assert.failNotEquals(Assert.java:494)
	at org.testng.Assert.assertTrue(Assert.java:42)
	at org.testng.Assert.assertTrue(Assert.java:52)
	at TestDemo.testCase2(TestDemo.java:14)
</failure>
  </testcase>
  <testcase classname="TestDemo" name="testCase3" time="0"/>
</testsuite>